<?xml version="1.0" encoding="UTF-8"?>
<!-- Generated by org.testng.reporters.JUnitReportReporter -->
<testsuite hostname="DESKTOP-93PTIUJ" failures="0" tests="1" name="practise.ContactTest" time="0.046" errors="0" timestamp="2022-11-16T14:58:52 IST" skipped="0">
  <testcase classname="practise.ContactTest" name="Contact" time="0.046"/>
  <system-out/>
</testsuite> <!-- practise.ContactTest -->
